<?xml version="1.0" encoding="UTF-8"?>
<!-- Generated by org.testng.reporters.JUnitReportReporter -->
<testsuite skipped="0" hostname="DasAnshu-PC" name="pageTests.FBRegTest" tests="1" failures="0" timestamp="03 Jul 2018 15:59:08 GMT" time="24.880" errors="0">
  <testcase name="FBRegstTest" time="24.880" classname="pageTests.FBRegTest"/>
</testsuite> <!-- pageTests.FBRegTest -->
