<?xml version="1.0" encoding="UTF-8"?>
<!-- Generated by org.testng.reporters.JUnitReportReporter -->
<testsuite skipped="0" hostname="DasAnshu-PC" name="pageTests.LoginPageTests" tests="1" failures="0" timestamp="02 Jul 2018 15:54:57 GMT" time="15.392" errors="0">
  <testcase name="loginWithValidCredentials" time="15.392" classname="pageTests.LoginPageTests"/>
</testsuite> <!-- pageTests.LoginPageTests -->
